<?xml version="1.0" encoding="UTF-8"?>
<!-- Generated by org.testng.reporters.JUnitReportReporter -->
<testsuite hostname="DESKTOP-RAR3R0F" failures="0" tests="1" name="Practice.LivedemoTendersInHomePage" time="19.770" errors="0" timestamp="2024-10-02T20:13:21 IST" skipped="0">
  <testcase classname="Practice.LivedemoTendersInHomePage" name="test1" time="19.770"/>
</testsuite> <!-- Practice.LivedemoTendersInHomePage -->
