<?xml version="1.0" encoding="UTF-8"?>
<!-- Generated by org.testng.reporters.JUnitReportReporter -->
<testsuite hostname="DESKTOP-RAR3R0F" failures="0" tests="1" name="JavaPractice.LoginScript_PageFactory" time="11.299" errors="0" timestamp="2024-10-23T22:43:08 IST" skipped="0">
  <testcase classname="JavaPractice.LoginScript_PageFactory" name="LoginTest" time="11.299"/>
</testsuite> <!-- JavaPractice.LoginScript_PageFactory -->
