<?xml version="1.0" encoding="UTF-8"?>
<!-- Generated by org.testng.reporters.JUnitReportReporter -->
<testsuite hostname="DESKTOP-RAR3R0F" failures="0" tests="1" name="Practice.LivedemoTendersInHomePage" time="20.960" errors="0" timestamp="2024-08-17T17:52:11 IST" skipped="0">
  <testcase classname="Practice.LivedemoTendersInHomePage" name="test1" time="20.960"/>
</testsuite> <!-- Practice.LivedemoTendersInHomePage -->
