<?xml version="1.0" encoding="UTF-8"?>
<!-- Generated by org.testng.reporters.JUnitReportReporter -->
<testsuite hostname="DESKTOP-RAR3R0F" failures="0" tests="3" name="Runner.LivedemoLoginRunner" time="0.457" errors="0" timestamp="2024-08-17T19:54:28 IST" skipped="0">
  <testcase classname="Runner.LivedemoLoginRunner" name="runScenario" time="0.390"/>
  <testcase classname="Runner.LivedemoLoginRunner" name="runScenario" time="0.033"/>
  <testcase classname="Runner.LivedemoLoginRunner" name="runScenario" time="0.034"/>
</testsuite> <!-- Runner.LivedemoLoginRunner -->
